<?xml version="1.0" encoding="UTF-8"?>
<testsuite xmlns:xsi="http://www.w3.org/2001/XMLSchema-instance" xsi:noNamespaceSchemaLocation="https://maven.apache.org/surefire/maven-surefire-plugin/xsd/surefire-test-report.xsd" name="com.imooc.test.MyTest" time="4.6" tests="1" errors="0" skipped="0" failures="0">
  <properties>
    <property name="gopherProxySet" value="false"/>
    <property name="awt.toolkit" value="sun.lwawt.macosx.LWCToolkit"/>
    <property name="file.encoding.pkg" value="sun.io"/>
    <property name="java.specification.version" value="1.8"/>
    <property name="sun.cpu.isalist" value=""/>
    <property name="sun.jnu.encoding" value="UTF-8"/>
    <property name="java.class.path" value="/workspaces/idea_lee/itzixi/imooc-springboot-starter/target/test-classes:/workspaces/idea_lee/itzixi/imooc-springboot-starter/target/classes:/maven/repository/org/springframework/boot/spring-boot-starter-web/2.5.0/spring-boot-starter-web-2.5.0.jar:/maven/repository/org/springframework/boot/spring-boot-starter/2.5.0/spring-boot-starter-2.5.0.jar:/maven/repository/org/springframework/boot/spring-boot/2.5.0/spring-boot-2.5.0.jar:/maven/repository/org/springframework/boot/spring-boot-starter-logging/2.5.0/spring-boot-starter-logging-2.5.0.jar:/maven/repository/ch/qos/logback/logback-classic/1.2.3/logback-classic-1.2.3.jar:/maven/repository/ch/qos/logback/logback-core/1.2.3/logback-core-1.2.3.jar:/maven/repository/org/apache/logging/log4j/log4j-to-slf4j/2.14.1/log4j-to-slf4j-2.14.1.jar:/maven/repository/org/apache/logging/log4j/log4j-api/2.14.1/log4j-api-2.14.1.jar:/maven/repository/org/slf4j/jul-to-slf4j/1.7.30/jul-to-slf4j-1.7.30.jar:/maven/repository/jakarta/annotation/jakarta.annotation-api/1.3.5/jakarta.annotation-api-1.3.5.jar:/maven/repository/org/yaml/snakeyaml/1.28/snakeyaml-1.28.jar:/maven/repository/org/springframework/boot/spring-boot-starter-json/2.5.0/spring-boot-starter-json-2.5.0.jar:/maven/repository/com/fasterxml/jackson/core/jackson-databind/2.12.3/jackson-databind-2.12.3.jar:/maven/repository/com/fasterxml/jackson/core/jackson-annotations/2.12.3/jackson-annotations-2.12.3.jar:/maven/repository/com/fasterxml/jackson/core/jackson-core/2.12.3/jackson-core-2.12.3.jar:/maven/repository/com/fasterxml/jackson/datatype/jackson-datatype-jdk8/2.12.3/jackson-datatype-jdk8-2.12.3.jar:/maven/repository/com/fasterxml/jackson/datatype/jackson-datatype-jsr310/2.12.3/jackson-datatype-jsr310-2.12.3.jar:/maven/repository/com/fasterxml/jackson/module/jackson-module-parameter-names/2.12.3/jackson-module-parameter-names-2.12.3.jar:/maven/repository/org/springframework/boot/spring-boot-starter-tomcat/2.5.0/spring-boot-starter-tomcat-2.5.0.jar:/maven/repository/org/apache/tomcat/embed/tomcat-embed-core/9.0.46/tomcat-embed-core-9.0.46.jar:/maven/repository/org/apache/tomcat/embed/tomcat-embed-websocket/9.0.46/tomcat-embed-websocket-9.0.46.jar:/maven/repository/org/springframework/spring-web/5.3.7/spring-web-5.3.7.jar:/maven/repository/org/springframework/spring-beans/5.3.7/spring-beans-5.3.7.jar:/maven/repository/org/springframework/spring-webmvc/5.3.7/spring-webmvc-5.3.7.jar:/maven/repository/org/springframework/spring-context/5.3.7/spring-context-5.3.7.jar:/maven/repository/org/springframework/spring-expression/5.3.7/spring-expression-5.3.7.jar:/maven/repository/org/springframework/boot/spring-boot-configuration-processor/2.5.0/spring-boot-configuration-processor-2.5.0.jar:/maven/repository/org/springframework/boot/spring-boot-starter-thymeleaf/2.5.0/spring-boot-starter-thymeleaf-2.5.0.jar:/maven/repository/org/thymeleaf/thymeleaf-spring5/3.0.12.RELEASE/thymeleaf-spring5-3.0.12.RELEASE.jar:/maven/repository/org/thymeleaf/thymeleaf/3.0.12.RELEASE/thymeleaf-3.0.12.RELEASE.jar:/maven/repository/org/attoparser/attoparser/2.0.5.RELEASE/attoparser-2.0.5.RELEASE.jar:/maven/repository/org/unbescape/unbescape/1.1.6.RELEASE/unbescape-1.1.6.RELEASE.jar:/maven/repository/org/thymeleaf/extras/thymeleaf-extras-java8time/3.0.4.RELEASE/thymeleaf-extras-java8time-3.0.4.RELEASE.jar:/maven/repository/org/springframework/boot/spring-boot-starter-aop/2.5.0/spring-boot-starter-aop-2.5.0.jar:/maven/repository/org/springframework/spring-aop/5.3.7/spring-aop-5.3.7.jar:/maven/repository/org/aspectj/aspectjweaver/1.9.6/aspectjweaver-1.9.6.jar:/maven/repository/com/alibaba/druid-spring-boot-starter/1.2.5/druid-spring-boot-starter-1.2.5.jar:/maven/repository/com/alibaba/druid/1.2.5/druid-1.2.5.jar:/maven/repository/org/slf4j/slf4j-api/1.7.30/slf4j-api-1.7.30.jar:/maven/repository/org/springframework/boot/spring-boot-autoconfigure/2.5.0/spring-boot-autoconfigure-2.5.0.jar:/maven/repository/org/projectlombok/lombok/1.18.20/lombok-1.18.20.jar:/maven/repository/org/springframework/boot/spring-boot-starter-jdbc/2.5.0/spring-boot-starter-jdbc-2.5.0.jar:/maven/repository/com/zaxxer/HikariCP/4.0.3/HikariCP-4.0.3.jar:/maven/repository/org/springframework/spring-jdbc/5.3.7/spring-jdbc-5.3.7.jar:/maven/repository/org/springframework/spring-tx/5.3.7/spring-tx-5.3.7.jar:/maven/repository/mysql/mysql-connector-java/5.1.41/mysql-connector-java-5.1.41.jar:/maven/repository/org/mybatis/spring/boot/mybatis-spring-boot-starter/2.1.0/mybatis-spring-boot-starter-2.1.0.jar:/maven/repository/org/mybatis/spring/boot/mybatis-spring-boot-autoconfigure/2.1.0/mybatis-spring-boot-autoconfigure-2.1.0.jar:/maven/repository/org/mybatis/mybatis/3.5.2/mybatis-3.5.2.jar:/maven/repository/org/mybatis/mybatis-spring/2.0.2/mybatis-spring-2.0.2.jar:/maven/repository/tk/mybatis/mapper-spring-boot-starter/2.1.5/mapper-spring-boot-starter-2.1.5.jar:/maven/repository/tk/mybatis/mapper-core/1.1.5/mapper-core-1.1.5.jar:/maven/repository/javax/persistence/persistence-api/1.0/persistence-api-1.0.jar:/maven/repository/tk/mybatis/mapper-base/1.1.5/mapper-base-1.1.5.jar:/maven/repository/tk/mybatis/mapper-weekend/1.1.5/mapper-weekend-1.1.5.jar:/maven/repository/tk/mybatis/mapper-spring/1.1.5/mapper-spring-1.1.5.jar:/maven/repository/tk/mybatis/mapper-extra/1.1.5/mapper-extra-1.1.5.jar:/maven/repository/tk/mybatis/mapper-spring-boot-autoconfigure/2.1.5/mapper-spring-boot-autoconfigure-2.1.5.jar:/maven/repository/com/github/pagehelper/pagehelper-spring-boot-starter/1.2.12/pagehelper-spring-boot-starter-1.2.12.jar:/maven/repository/com/github/pagehelper/pagehelper-spring-boot-autoconfigure/1.2.12/pagehelper-spring-boot-autoconfigure-1.2.12.jar:/maven/repository/com/github/pagehelper/pagehelper/5.1.10/pagehelper-5.1.10.jar:/maven/repository/com/github/jsqlparser/jsqlparser/2.0/jsqlparser-2.0.jar:/maven/repository/org/springframework/boot/spring-boot-starter-validation/2.5.0/spring-boot-starter-validation-2.5.0.jar:/maven/repository/org/apache/tomcat/embed/tomcat-embed-el/9.0.46/tomcat-embed-el-9.0.46.jar:/maven/repository/org/hibernate/validator/hibernate-validator/6.2.0.Final/hibernate-validator-6.2.0.Final.jar:/maven/repository/jakarta/validation/jakarta.validation-api/2.0.2/jakarta.validation-api-2.0.2.jar:/maven/repository/org/jboss/logging/jboss-logging/3.4.1.Final/jboss-logging-3.4.1.Final.jar:/maven/repository/com/fasterxml/classmate/1.5.1/classmate-1.5.1.jar:/maven/repository/org/springframework/boot/spring-boot-starter-test/2.5.0/spring-boot-starter-test-2.5.0.jar:/maven/repository/org/springframework/boot/spring-boot-test/2.5.0/spring-boot-test-2.5.0.jar:/maven/repository/org/springframework/boot/spring-boot-test-autoconfigure/2.5.0/spring-boot-test-autoconfigure-2.5.0.jar:/maven/repository/com/jayway/jsonpath/json-path/2.5.0/json-path-2.5.0.jar:/maven/repository/net/minidev/json-smart/2.4.7/json-smart-2.4.7.jar:/maven/repository/net/minidev/accessors-smart/2.4.7/accessors-smart-2.4.7.jar:/maven/repository/org/ow2/asm/asm/9.1/asm-9.1.jar:/maven/repository/jakarta/xml/bind/jakarta.xml.bind-api/2.3.3/jakarta.xml.bind-api-2.3.3.jar:/maven/repository/jakarta/activation/jakarta.activation-api/1.2.2/jakarta.activation-api-1.2.2.jar:/maven/repository/org/assertj/assertj-core/3.19.0/assertj-core-3.19.0.jar:/maven/repository/org/hamcrest/hamcrest/2.2/hamcrest-2.2.jar:/maven/repository/org/junit/jupiter/junit-jupiter/5.7.2/junit-jupiter-5.7.2.jar:/maven/repository/org/junit/jupiter/junit-jupiter-api/5.7.2/junit-jupiter-api-5.7.2.jar:/maven/repository/org/apiguardian/apiguardian-api/1.1.0/apiguardian-api-1.1.0.jar:/maven/repository/org/opentest4j/opentest4j/1.2.0/opentest4j-1.2.0.jar:/maven/repository/org/junit/platform/junit-platform-commons/1.7.2/junit-platform-commons-1.7.2.jar:/maven/repository/org/junit/jupiter/junit-jupiter-params/5.7.2/junit-jupiter-params-5.7.2.jar:/maven/repository/org/junit/jupiter/junit-jupiter-engine/5.7.2/junit-jupiter-engine-5.7.2.jar:/maven/repository/org/junit/platform/junit-platform-engine/1.7.2/junit-platform-engine-1.7.2.jar:/maven/repository/org/mockito/mockito-core/3.9.0/mockito-core-3.9.0.jar:/maven/repository/net/bytebuddy/byte-buddy/1.10.22/byte-buddy-1.10.22.jar:/maven/repository/net/bytebuddy/byte-buddy-agent/1.10.22/byte-buddy-agent-1.10.22.jar:/maven/repository/org/objenesis/objenesis/3.2/objenesis-3.2.jar:/maven/repository/org/mockito/mockito-junit-jupiter/3.9.0/mockito-junit-jupiter-3.9.0.jar:/maven/repository/org/skyscreamer/jsonassert/1.5.0/jsonassert-1.5.0.jar:/maven/repository/com/vaadin/external/google/android-json/0.0.20131108.vaadin1/android-json-0.0.20131108.vaadin1.jar:/maven/repository/org/springframework/spring-core/5.3.7/spring-core-5.3.7.jar:/maven/repository/org/springframework/spring-jcl/5.3.7/spring-jcl-5.3.7.jar:/maven/repository/org/springframework/spring-test/5.3.7/spring-test-5.3.7.jar:/maven/repository/org/xmlunit/xmlunit-core/2.8.2/xmlunit-core-2.8.2.jar:/maven/repository/org/springframework/boot/spring-boot-starter-actuator/2.5.0/spring-boot-starter-actuator-2.5.0.jar:/maven/repository/org/springframework/boot/spring-boot-actuator-autoconfigure/2.5.0/spring-boot-actuator-autoconfigure-2.5.0.jar:/maven/repository/org/springframework/boot/spring-boot-actuator/2.5.0/spring-boot-actuator-2.5.0.jar:/maven/repository/io/micrometer/micrometer-core/1.7.0/micrometer-core-1.7.0.jar:/maven/repository/org/hdrhistogram/HdrHistogram/2.1.12/HdrHistogram-2.1.12.jar:/maven/repository/org/latencyutils/LatencyUtils/2.0.3/LatencyUtils-2.0.3.jar:"/>
    <property name="java.vm.vendor" value="Oracle Corporation"/>
    <property name="sun.arch.data.model" value="64"/>
    <property name="java.vendor.url" value="http://java.oracle.com/"/>
    <property name="user.timezone" value=""/>
    <property name="java.vm.specification.version" value="1.8"/>
    <property name="os.name" value="Mac OS X"/>
    <property name="user.country" value="CN"/>
    <property name="sun.java.launcher" value="SUN_STANDARD"/>
    <property name="sun.boot.library.path" value="/Library/Java/JavaVirtualMachines/jdk1.8.0_191.jdk/Contents/Home/jre/lib"/>
    <property name="sun.java.command" value="/workspaces/idea_lee/itzixi/imooc-springboot-starter/target/surefire/surefirebooter2162799211573805642.jar /workspaces/idea_lee/itzixi/imooc-springboot-starter/target/surefire 2021-06-16T11-49-59_770-jvmRun1 surefire1456022504782046147tmp surefire_04361231924941605011tmp"/>
    <property name="surefire.test.class.path" value="/workspaces/idea_lee/itzixi/imooc-springboot-starter/target/test-classes:/workspaces/idea_lee/itzixi/imooc-springboot-starter/target/classes:/maven/repository/org/springframework/boot/spring-boot-starter-web/2.5.0/spring-boot-starter-web-2.5.0.jar:/maven/repository/org/springframework/boot/spring-boot-starter/2.5.0/spring-boot-starter-2.5.0.jar:/maven/repository/org/springframework/boot/spring-boot/2.5.0/spring-boot-2.5.0.jar:/maven/repository/org/springframework/boot/spring-boot-starter-logging/2.5.0/spring-boot-starter-logging-2.5.0.jar:/maven/repository/ch/qos/logback/logback-classic/1.2.3/logback-classic-1.2.3.jar:/maven/repository/ch/qos/logback/logback-core/1.2.3/logback-core-1.2.3.jar:/maven/repository/org/apache/logging/log4j/log4j-to-slf4j/2.14.1/log4j-to-slf4j-2.14.1.jar:/maven/repository/org/apache/logging/log4j/log4j-api/2.14.1/log4j-api-2.14.1.jar:/maven/repository/org/slf4j/jul-to-slf4j/1.7.30/jul-to-slf4j-1.7.30.jar:/maven/repository/jakarta/annotation/jakarta.annotation-api/1.3.5/jakarta.annotation-api-1.3.5.jar:/maven/repository/org/yaml/snakeyaml/1.28/snakeyaml-1.28.jar:/maven/repository/org/springframework/boot/spring-boot-starter-json/2.5.0/spring-boot-starter-json-2.5.0.jar:/maven/repository/com/fasterxml/jackson/core/jackson-databind/2.12.3/jackson-databind-2.12.3.jar:/maven/repository/com/fasterxml/jackson/core/jackson-annotations/2.12.3/jackson-annotations-2.12.3.jar:/maven/repository/com/fasterxml/jackson/core/jackson-core/2.12.3/jackson-core-2.12.3.jar:/maven/repository/com/fasterxml/jackson/datatype/jackson-datatype-jdk8/2.12.3/jackson-datatype-jdk8-2.12.3.jar:/maven/repository/com/fasterxml/jackson/datatype/jackson-datatype-jsr310/2.12.3/jackson-datatype-jsr310-2.12.3.jar:/maven/repository/com/fasterxml/jackson/module/jackson-module-parameter-names/2.12.3/jackson-module-parameter-names-2.12.3.jar:/maven/repository/org/springframework/boot/spring-boot-starter-tomcat/2.5.0/spring-boot-starter-tomcat-2.5.0.jar:/maven/repository/org/apache/tomcat/embed/tomcat-embed-core/9.0.46/tomcat-embed-core-9.0.46.jar:/maven/repository/org/apache/tomcat/embed/tomcat-embed-websocket/9.0.46/tomcat-embed-websocket-9.0.46.jar:/maven/repository/org/springframework/spring-web/5.3.7/spring-web-5.3.7.jar:/maven/repository/org/springframework/spring-beans/5.3.7/spring-beans-5.3.7.jar:/maven/repository/org/springframework/spring-webmvc/5.3.7/spring-webmvc-5.3.7.jar:/maven/repository/org/springframework/spring-context/5.3.7/spring-context-5.3.7.jar:/maven/repository/org/springframework/spring-expression/5.3.7/spring-expression-5.3.7.jar:/maven/repository/org/springframework/boot/spring-boot-configuration-processor/2.5.0/spring-boot-configuration-processor-2.5.0.jar:/maven/repository/org/springframework/boot/spring-boot-starter-thymeleaf/2.5.0/spring-boot-starter-thymeleaf-2.5.0.jar:/maven/repository/org/thymeleaf/thymeleaf-spring5/3.0.12.RELEASE/thymeleaf-spring5-3.0.12.RELEASE.jar:/maven/repository/org/thymeleaf/thymeleaf/3.0.12.RELEASE/thymeleaf-3.0.12.RELEASE.jar:/maven/repository/org/attoparser/attoparser/2.0.5.RELEASE/attoparser-2.0.5.RELEASE.jar:/maven/repository/org/unbescape/unbescape/1.1.6.RELEASE/unbescape-1.1.6.RELEASE.jar:/maven/repository/org/thymeleaf/extras/thymeleaf-extras-java8time/3.0.4.RELEASE/thymeleaf-extras-java8time-3.0.4.RELEASE.jar:/maven/repository/org/springframework/boot/spring-boot-starter-aop/2.5.0/spring-boot-starter-aop-2.5.0.jar:/maven/repository/org/springframework/spring-aop/5.3.7/spring-aop-5.3.7.jar:/maven/repository/org/aspectj/aspectjweaver/1.9.6/aspectjweaver-1.9.6.jar:/maven/repository/com/alibaba/druid-spring-boot-starter/1.2.5/druid-spring-boot-starter-1.2.5.jar:/maven/repository/com/alibaba/druid/1.2.5/druid-1.2.5.jar:/maven/repository/org/slf4j/slf4j-api/1.7.30/slf4j-api-1.7.30.jar:/maven/repository/org/springframework/boot/spring-boot-autoconfigure/2.5.0/spring-boot-autoconfigure-2.5.0.jar:/maven/repository/org/projectlombok/lombok/1.18.20/lombok-1.18.20.jar:/maven/repository/org/springframework/boot/spring-boot-starter-jdbc/2.5.0/spring-boot-starter-jdbc-2.5.0.jar:/maven/repository/com/zaxxer/HikariCP/4.0.3/HikariCP-4.0.3.jar:/maven/repository/org/springframework/spring-jdbc/5.3.7/spring-jdbc-5.3.7.jar:/maven/repository/org/springframework/spring-tx/5.3.7/spring-tx-5.3.7.jar:/maven/repository/mysql/mysql-connector-java/5.1.41/mysql-connector-java-5.1.41.jar:/maven/repository/org/mybatis/spring/boot/mybatis-spring-boot-starter/2.1.0/mybatis-spring-boot-starter-2.1.0.jar:/maven/repository/org/mybatis/spring/boot/mybatis-spring-boot-autoconfigure/2.1.0/mybatis-spring-boot-autoconfigure-2.1.0.jar:/maven/repository/org/mybatis/mybatis/3.5.2/mybatis-3.5.2.jar:/maven/repository/org/mybatis/mybatis-spring/2.0.2/mybatis-spring-2.0.2.jar:/maven/repository/tk/mybatis/mapper-spring-boot-starter/2.1.5/mapper-spring-boot-starter-2.1.5.jar:/maven/repository/tk/mybatis/mapper-core/1.1.5/mapper-core-1.1.5.jar:/maven/repository/javax/persistence/persistence-api/1.0/persistence-api-1.0.jar:/maven/repository/tk/mybatis/mapper-base/1.1.5/mapper-base-1.1.5.jar:/maven/repository/tk/mybatis/mapper-weekend/1.1.5/mapper-weekend-1.1.5.jar:/maven/repository/tk/mybatis/mapper-spring/1.1.5/mapper-spring-1.1.5.jar:/maven/repository/tk/mybatis/mapper-extra/1.1.5/mapper-extra-1.1.5.jar:/maven/repository/tk/mybatis/mapper-spring-boot-autoconfigure/2.1.5/mapper-spring-boot-autoconfigure-2.1.5.jar:/maven/repository/com/github/pagehelper/pagehelper-spring-boot-starter/1.2.12/pagehelper-spring-boot-starter-1.2.12.jar:/maven/repository/com/github/pagehelper/pagehelper-spring-boot-autoconfigure/1.2.12/pagehelper-spring-boot-autoconfigure-1.2.12.jar:/maven/repository/com/github/pagehelper/pagehelper/5.1.10/pagehelper-5.1.10.jar:/maven/repository/com/github/jsqlparser/jsqlparser/2.0/jsqlparser-2.0.jar:/maven/repository/org/springframework/boot/spring-boot-starter-validation/2.5.0/spring-boot-starter-validation-2.5.0.jar:/maven/repository/org/apache/tomcat/embed/tomcat-embed-el/9.0.46/tomcat-embed-el-9.0.46.jar:/maven/repository/org/hibernate/validator/hibernate-validator/6.2.0.Final/hibernate-validator-6.2.0.Final.jar:/maven/repository/jakarta/validation/jakarta.validation-api/2.0.2/jakarta.validation-api-2.0.2.jar:/maven/repository/org/jboss/logging/jboss-logging/3.4.1.Final/jboss-logging-3.4.1.Final.jar:/maven/repository/com/fasterxml/classmate/1.5.1/classmate-1.5.1.jar:/maven/repository/org/springframework/boot/spring-boot-starter-test/2.5.0/spring-boot-starter-test-2.5.0.jar:/maven/repository/org/springframework/boot/spring-boot-test/2.5.0/spring-boot-test-2.5.0.jar:/maven/repository/org/springframework/boot/spring-boot-test-autoconfigure/2.5.0/spring-boot-test-autoconfigure-2.5.0.jar:/maven/repository/com/jayway/jsonpath/json-path/2.5.0/json-path-2.5.0.jar:/maven/repository/net/minidev/json-smart/2.4.7/json-smart-2.4.7.jar:/maven/repository/net/minidev/accessors-smart/2.4.7/accessors-smart-2.4.7.jar:/maven/repository/org/ow2/asm/asm/9.1/asm-9.1.jar:/maven/repository/jakarta/xml/bind/jakarta.xml.bind-api/2.3.3/jakarta.xml.bind-api-2.3.3.jar:/maven/repository/jakarta/activation/jakarta.activation-api/1.2.2/jakarta.activation-api-1.2.2.jar:/maven/repository/org/assertj/assertj-core/3.19.0/assertj-core-3.19.0.jar:/maven/repository/org/hamcrest/hamcrest/2.2/hamcrest-2.2.jar:/maven/repository/org/junit/jupiter/junit-jupiter/5.7.2/junit-jupiter-5.7.2.jar:/maven/repository/org/junit/jupiter/junit-jupiter-api/5.7.2/junit-jupiter-api-5.7.2.jar:/maven/repository/org/apiguardian/apiguardian-api/1.1.0/apiguardian-api-1.1.0.jar:/maven/repository/org/opentest4j/opentest4j/1.2.0/opentest4j-1.2.0.jar:/maven/repository/org/junit/platform/junit-platform-commons/1.7.2/junit-platform-commons-1.7.2.jar:/maven/repository/org/junit/jupiter/junit-jupiter-params/5.7.2/junit-jupiter-params-5.7.2.jar:/maven/repository/org/junit/jupiter/junit-jupiter-engine/5.7.2/junit-jupiter-engine-5.7.2.jar:/maven/repository/org/junit/platform/junit-platform-engine/1.7.2/junit-platform-engine-1.7.2.jar:/maven/repository/org/mockito/mockito-core/3.9.0/mockito-core-3.9.0.jar:/maven/repository/net/bytebuddy/byte-buddy/1.10.22/byte-buddy-1.10.22.jar:/maven/repository/net/bytebuddy/byte-buddy-agent/1.10.22/byte-buddy-agent-1.10.22.jar:/maven/repository/org/objenesis/objenesis/3.2/objenesis-3.2.jar:/maven/repository/org/mockito/mockito-junit-jupiter/3.9.0/mockito-junit-jupiter-3.9.0.jar:/maven/repository/org/skyscreamer/jsonassert/1.5.0/jsonassert-1.5.0.jar:/maven/repository/com/vaadin/external/google/android-json/0.0.20131108.vaadin1/android-json-0.0.20131108.vaadin1.jar:/maven/repository/org/springframework/spring-core/5.3.7/spring-core-5.3.7.jar:/maven/repository/org/springframework/spring-jcl/5.3.7/spring-jcl-5.3.7.jar:/maven/repository/org/springframework/spring-test/5.3.7/spring-test-5.3.7.jar:/maven/repository/org/xmlunit/xmlunit-core/2.8.2/xmlunit-core-2.8.2.jar:/maven/repository/org/springframework/boot/spring-boot-starter-actuator/2.5.0/spring-boot-starter-actuator-2.5.0.jar:/maven/repository/org/springframework/boot/spring-boot-actuator-autoconfigure/2.5.0/spring-boot-actuator-autoconfigure-2.5.0.jar:/maven/repository/org/springframework/boot/spring-boot-actuator/2.5.0/spring-boot-actuator-2.5.0.jar:/maven/repository/io/micrometer/micrometer-core/1.7.0/micrometer-core-1.7.0.jar:/maven/repository/org/hdrhistogram/HdrHistogram/2.1.12/HdrHistogram-2.1.12.jar:/maven/repository/org/latencyutils/LatencyUtils/2.0.3/LatencyUtils-2.0.3.jar:"/>
    <property name="sun.cpu.endian" value="little"/>
    <property name="user.home" value="/Users/leechenxiang"/>
    <property name="user.language" value="zh"/>
    <property name="java.specification.vendor" value="Oracle Corporation"/>
    <property name="java.home" value="/Library/Java/JavaVirtualMachines/jdk1.8.0_191.jdk/Contents/Home/jre"/>
    <property name="basedir" value="/workspaces/idea_lee/itzixi/imooc-springboot-starter"/>
    <property name="file.separator" value="/"/>
    <property name="line.separator" value="&#10;"/>
    <property name="java.vm.specification.vendor" value="Oracle Corporation"/>
    <property name="java.specification.name" value="Java Platform API Specification"/>
    <property name="java.awt.graphicsenv" value="sun.awt.CGraphicsEnvironment"/>
    <property name="surefire.real.class.path" value="/workspaces/idea_lee/itzixi/imooc-springboot-starter/target/surefire/surefirebooter2162799211573805642.jar"/>
    <property name="sun.boot.class.path" value="/Library/Java/JavaVirtualMachines/jdk1.8.0_191.jdk/Contents/Home/jre/lib/resources.jar:/Library/Java/JavaVirtualMachines/jdk1.8.0_191.jdk/Contents/Home/jre/lib/rt.jar:/Library/Java/JavaVirtualMachines/jdk1.8.0_191.jdk/Contents/Home/jre/lib/sunrsasign.jar:/Library/Java/JavaVirtualMachines/jdk1.8.0_191.jdk/Contents/Home/jre/lib/jsse.jar:/Library/Java/JavaVirtualMachines/jdk1.8.0_191.jdk/Contents/Home/jre/lib/jce.jar:/Library/Java/JavaVirtualMachines/jdk1.8.0_191.jdk/Contents/Home/jre/lib/charsets.jar:/Library/Java/JavaVirtualMachines/jdk1.8.0_191.jdk/Contents/Home/jre/lib/jfr.jar:/Library/Java/JavaVirtualMachines/jdk1.8.0_191.jdk/Contents/Home/jre/classes"/>
    <property name="sun.management.compiler" value="HotSpot 64-Bit Tiered Compilers"/>
    <property name="java.runtime.version" value="1.8.0_191-b12"/>
    <property name="user.name" value="leechenxiang"/>
    <property name="path.separator" value=":"/>
    <property name="os.version" value="10.14.6"/>
    <property name="java.endorsed.dirs" value="/Library/Java/JavaVirtualMachines/jdk1.8.0_191.jdk/Contents/Home/jre/lib/endorsed"/>
    <property name="java.runtime.name" value="Java(TM) SE Runtime Environment"/>
    <property name="file.encoding" value="US-ASCII"/>
    <property name="java.vm.name" value="Java HotSpot(TM) 64-Bit Server VM"/>
    <property name="localRepository" value="/maven/repository"/>
    <property name="java.vendor.url.bug" value="http://bugreport.sun.com/bugreport/"/>
    <property name="java.io.tmpdir" value="/var/folders/lj/60bbktp522v72j8mr0wykxsr0000gn/T/"/>
    <property name="idea.version" value="2018.3.5"/>
    <property name="java.version" value="1.8.0_191"/>
    <property name="user.dir" value="/workspaces/idea_lee/itzixi/imooc-springboot-starter"/>
    <property name="os.arch" value="x86_64"/>
    <property name="java.vm.specification.name" value="Java Virtual Machine Specification"/>
    <property name="java.awt.printerjob" value="sun.lwawt.macosx.CPrinterJob"/>
    <property name="sun.os.patch.level" value="unknown"/>
    <property name="java.library.path" value="/Users/leechenxiang/Library/Java/Extensions:/Library/Java/Extensions:/Network/Library/Java/Extensions:/System/Library/Java/Extensions:/usr/lib/java:."/>
    <property name="java.vm.info" value="mixed mode"/>
    <property name="java.vendor" value="Oracle Corporation"/>
    <property name="java.vm.version" value="25.191-b12"/>
    <property name="java.ext.dirs" value="/Users/leechenxiang/Library/Java/Extensions:/Library/Java/JavaVirtualMachines/jdk1.8.0_191.jdk/Contents/Home/jre/lib/ext:/Library/Java/Extensions:/Network/Library/Java/Extensions:/System/Library/Java/Extensions:/usr/lib/java"/>
    <property name="sun.io.unicode.encoding" value="UnicodeBig"/>
    <property name="maven.repo.local" value="/maven/repository"/>
    <property name="java.class.version" value="52.0"/>
  </properties>
  <testcase name="testSaveStu" classname="com.imooc.test.MyTest" time="0.559"/>
</testsuite>